# JRE version: OpenJDK Runtime Environment (17.0.9+9) (build 17.0.9+9-Ubuntu-122.04)
# Java VM: OpenJDK 64-Bit Server VM (17.0.9+9-Ubuntu-122.04, mixed mode, sharing, tiered, compressed oops, compressed class ptrs, g1 gc, linux-amd64)
GC Precious Log:
 CPUs: 4 total, 4 available
 Memory: 15942M
 Large Page Support: Disabled
 NUMA Support: Disabled
 Compressed Oops: Enabled (Zero based)
 Heap Region Size: 2M
 Heap Min Capacity: 8M
 Heap Initial Capacity: 250M
 Heap Max Capacity: 3986M
 Pre-touch: Disabled
 Parallel Workers: 4
 Concurrent Workers: 1
 Concurrent Refinement Workers: 4
 Periodic GC: Disabled
Heap:
 garbage-first heap   total 83968K, used 22133K [0x0000000706e00000, 0x0000000800000000)
  region size 2048K, 3 young (6144K), 2 survivors (4096K)
 Metaspace       used 45811K, committed 46336K, reserved 1114112K
  class space    used 6082K, committed 6336K, reserved 1048576K
GC Heap History (16 events):
Event: 0,461 GC heap before
{Heap before GC invocations=0 (full 0):
 garbage-first heap   total 260096K, used 12208K [0x0000000706e00000, 0x0000000800000000)
  region size 2048K, 6 young (12288K), 0 survivors (0K)
 Metaspace       used 3113K, committed 3264K, reserved 1114112K
  class space    used 311K, committed 384K, reserved 1048576K
}
Event: 0,469 GC heap after
{Heap after GC invocations=1 (full 0):
 garbage-first heap   total 260096K, used 7592K [0x0000000706e00000, 0x0000000800000000)
  region size 2048K, 1 young (2048K), 1 survivors (2048K)
 Metaspace       used 3113K, committed 3264K, reserved 1114112K
  class space    used 311K, committed 384K, reserved 1048576K
}
Event: 0,751 GC heap before
{Heap before GC invocations=1 (full 0):
 garbage-first heap   total 260096K, used 15784K [0x0000000706e00000, 0x0000000800000000)
  region size 2048K, 6 young (12288K), 1 survivors (2048K)
 Metaspace       used 5627K, committed 5824K, reserved 1114112K
  class space    used 652K, committed 768K, reserved 1048576K
}
Event: 0,755 GC heap after
{Heap after GC invocations=2 (full 0):
 garbage-first heap   total 260096K, used 8110K [0x0000000706e00000, 0x0000000800000000)
  region size 2048K, 1 young (2048K), 1 survivors (2048K)
 Metaspace       used 5627K, committed 5824K, reserved 1114112K
  class space    used 652K, committed 768K, reserved 1048576K
}
Event: 1,405 GC heap before
{Heap before GC invocations=2 (full 0):
 garbage-first heap   total 260096K, used 34734K [0x0000000706e00000, 0x0000000800000000)
  region size 2048K, 15 young (30720K), 1 survivors (2048K)
 Metaspace       used 12231K, committed 12480K, reserved 1114112K
  class space    used 1625K, committed 1728K, reserved 1048576K
}
Event: 1,411 GC heap after
{Heap after GC invocations=3 (full 0):
 garbage-first heap   total 260096K, used 10385K [0x0000000706e00000, 0x0000000800000000)
  region size 2048K, 2 young (4096K), 2 survivors (4096K)
 Metaspace       used 12231K, committed 12480K, reserved 1114112K
  class space    used 1625K, committed 1728K, reserved 1048576K
}
Event: 2,351 GC heap before
{Heap before GC invocations=3 (full 0):
 garbage-first heap   total 260096K, used 59537K [0x0000000706e00000, 0x0000000800000000)
  region size 2048K, 28 young (57344K), 2 survivors (4096K)
 Metaspace       used 21258K, committed 21504K, reserved 1114112K
  class space    used 2705K, committed 2816K, reserved 1048576K
}
Event: 2,363 GC heap after
{Heap after GC invocations=4 (full 0):
 garbage-first heap   total 260096K, used 14000K [0x0000000706e00000, 0x0000000800000000)
  region size 2048K, 4 young (8192K), 4 survivors (8192K)
 Metaspace       used 21258K, committed 21504K, reserved 1114112K
  class space    used 2705K, committed 2816K, reserved 1048576K
}
Event: 3,158 GC heap before
{Heap before GC invocations=5 (full 0):
 garbage-first heap   total 69632K, used 46768K [0x0000000706e00000, 0x0000000800000000)
  region size 2048K, 20 young (40960K), 4 survivors (8192K)
 Metaspace       used 26653K, committed 27008K, reserved 1114112K
  class space    used 3529K, committed 3712K, reserved 1048576K
}
Event: 3,167 GC heap after
{Heap after GC invocations=6 (full 0):
 garbage-first heap   total 69632K, used 16855K [0x0000000706e00000, 0x0000000800000000)
  region size 2048K, 2 young (4096K), 2 survivors (4096K)
 Metaspace       used 26653K, committed 27008K, reserved 1114112K
  class space    used 3529K, committed 3712K, reserved 1048576K
}
Event: 3,607 GC heap before
{Heap before GC invocations=6 (full 0):
 garbage-first heap   total 69632K, used 43479K [0x0000000706e00000, 0x0000000800000000)
  region size 2048K, 16 young (32768K), 2 survivors (4096K)
 Metaspace       used 33009K, committed 33344K, reserved 1114112K
  class space    used 4212K, committed 4352K, reserved 1048576K
}
Event: 3,613 GC heap after
{Heap after GC invocations=7 (full 0):
 garbage-first heap   total 69632K, used 19644K [0x0000000706e00000, 0x0000000800000000)
  region size 2048K, 2 young (4096K), 2 survivors (4096K)
 Metaspace       used 33009K, committed 33344K, reserved 1114112K
  class space    used 4212K, committed 4352K, reserved 1048576K
}
Event: 3,832 GC heap before
{Heap before GC invocations=7 (full 0):
 garbage-first heap   total 69632K, used 31932K [0x0000000706e00000, 0x0000000800000000)
  region size 2048K, 9 young (18432K), 2 survivors (4096K)
 Metaspace       used 35772K, committed 36160K, reserved 1114112K
  class space    used 4585K, committed 4736K, reserved 1048576K
}
Event: 3,840 GC heap after
{Heap after GC invocations=8 (full 0):
 garbage-first heap   total 83968K, used 20314K [0x0000000706e00000, 0x0000000800000000)
  region size 2048K, 1 young (2048K), 1 survivors (2048K)
 Metaspace       used 35772K, committed 36160K, reserved 1114112K
  class space    used 4585K, committed 4736K, reserved 1048576K
}
Event: 4,510 GC heap before
{Heap before GC invocations=9 (full 0):
 garbage-first heap   total 83968K, used 59226K [0x0000000706e00000, 0x0000000800000000)
  region size 2048K, 20 young (40960K), 1 survivors (2048K)
 Metaspace       used 45661K, committed 46144K, reserved 1114112K
  class space    used 6056K, committed 6272K, reserved 1048576K
}
Event: 4,515 GC heap after
{Heap after GC invocations=10 (full 0):
 garbage-first heap   total 83968K, used 22133K [0x0000000706e00000, 0x0000000800000000)
  region size 2048K, 2 young (4096K), 2 survivors (4096K)
 Metaspace       used 45661K, committed 46144K, reserved 1114112K
  class space    used 6056K, committed 6272K, reserved 1048576K
}

