# JRE version: OpenJDK Runtime Environment (17.0.9+9) (build 17.0.9+9-Ubuntu-122.04)
# Java VM: OpenJDK 64-Bit Server VM (17.0.9+9-Ubuntu-122.04, mixed mode, sharing, tiered, compressed oops, compressed class ptrs, g1 gc, linux-amd64)
GC Precious Log:
 CPUs: 4 total, 4 available
 Memory: 15942M
 Large Page Support: Disabled
 NUMA Support: Disabled
 Compressed Oops: Enabled (Zero based)
 Heap Region Size: 2M
 Heap Min Capacity: 8M
 Heap Initial Capacity: 250M
 Heap Max Capacity: 3986M
 Pre-touch: Disabled
 Parallel Workers: 4
 Concurrent Workers: 1
 Concurrent Refinement Workers: 4
 Periodic GC: Disabled
Heap:
 garbage-first heap   total 260096K, used 30883K [0x0000000706e00000, 0x0000000800000000)
  region size 2048K, 13 young (26624K), 2 survivors (4096K)
 Metaspace       used 16650K, committed 16896K, reserved 1114112K
  class space    used 2130K, committed 2240K, reserved 1048576K
GC Heap History (6 events):
Event: 0,504 GC heap before
{Heap before GC invocations=0 (full 0):
 garbage-first heap   total 260096K, used 12208K [0x0000000706e00000, 0x0000000800000000)
  region size 2048K, 6 young (12288K), 0 survivors (0K)
 Metaspace       used 3155K, committed 3328K, reserved 1114112K
  class space    used 317K, committed 384K, reserved 1048576K
}
Event: 0,509 GC heap after
{Heap after GC invocations=1 (full 0):
 garbage-first heap   total 260096K, used 7487K [0x0000000706e00000, 0x0000000800000000)
  region size 2048K, 1 young (2048K), 1 survivors (2048K)
 Metaspace       used 3155K, committed 3328K, reserved 1114112K
  class space    used 317K, committed 384K, reserved 1048576K
}
Event: 0,797 GC heap before
{Heap before GC invocations=1 (full 0):
 garbage-first heap   total 260096K, used 17727K [0x0000000706e00000, 0x0000000800000000)
  region size 2048K, 6 young (12288K), 1 survivors (2048K)
 Metaspace       used 5681K, committed 5888K, reserved 1114112K
  class space    used 662K, committed 768K, reserved 1048576K
}
Event: 0,800 GC heap after
{Heap after GC invocations=2 (full 0):
 garbage-first heap   total 260096K, used 8195K [0x0000000706e00000, 0x0000000800000000)
  region size 2048K, 1 young (2048K), 1 survivors (2048K)
 Metaspace       used 5681K, committed 5888K, reserved 1114112K
  class space    used 662K, committed 768K, reserved 1048576K
}
Event: 1,456 GC heap before
{Heap before GC invocations=2 (full 0):
 garbage-first heap   total 260096K, used 34819K [0x0000000706e00000, 0x0000000800000000)
  region size 2048K, 14 young (28672K), 1 survivors (2048K)
 Metaspace       used 11879K, committed 12096K, reserved 1114112K
  class space    used 1553K, committed 1664K, reserved 1048576K
}
Event: 1,463 GC heap after
{Heap after GC invocations=3 (full 0):
 garbage-first heap   total 260096K, used 10403K [0x0000000706e00000, 0x0000000800000000)
  region size 2048K, 2 young (4096K), 2 survivors (4096K)
 Metaspace       used 11879K, committed 12096K, reserved 1114112K
  class space    used 1553K, committed 1664K, reserved 1048576K
}

