# JRE version: OpenJDK Runtime Environment (17.0.9+9) (build 17.0.9+9-Ubuntu-122.04)
# Java VM: OpenJDK 64-Bit Server VM (17.0.9+9-Ubuntu-122.04, mixed mode, sharing, tiered, compressed oops, compressed class ptrs, g1 gc, linux-amd64)
GC Precious Log:
 CPUs: 4 total, 4 available
 Memory: 15942M
 Large Page Support: Disabled
 NUMA Support: Disabled
 Compressed Oops: Enabled (Zero based)
 Heap Region Size: 2M
 Heap Min Capacity: 8M
 Heap Initial Capacity: 250M
 Heap Max Capacity: 3986M
 Pre-touch: Disabled
 Parallel Workers: 4
 Concurrent Workers: 1
 Concurrent Refinement Workers: 4
 Periodic GC: Disabled
Heap:
 garbage-first heap   total 260096K, used 61278K [0x0000000706e00000, 0x0000000800000000)
  region size 2048K, 28 young (57344K), 2 survivors (4096K)
 Metaspace       used 21097K, committed 21312K, reserved 1114112K
  class space    used 2707K, committed 2816K, reserved 1048576K
GC Heap History (6 events):
Event: 0,446 GC heap before
{Heap before GC invocations=0 (full 0):
 garbage-first heap   total 260096K, used 12208K [0x0000000706e00000, 0x0000000800000000)
  region size 2048K, 6 young (12288K), 0 survivors (0K)
 Metaspace       used 3155K, committed 3328K, reserved 1114112K
  class space    used 317K, committed 384K, reserved 1048576K
}
Event: 0,456 GC heap after
{Heap after GC invocations=1 (full 0):
 garbage-first heap   total 260096K, used 7416K [0x0000000706e00000, 0x0000000800000000)
  region size 2048K, 1 young (2048K), 1 survivors (2048K)
 Metaspace       used 3155K, committed 3328K, reserved 1114112K
  class space    used 317K, committed 384K, reserved 1048576K
}
Event: 0,790 GC heap before
{Heap before GC invocations=1 (full 0):
 garbage-first heap   total 260096K, used 17656K [0x0000000706e00000, 0x0000000800000000)
  region size 2048K, 6 young (12288K), 1 survivors (2048K)
 Metaspace       used 5691K, committed 5888K, reserved 1114112K
  class space    used 661K, committed 768K, reserved 1048576K
}
Event: 0,793 GC heap after
{Heap after GC invocations=2 (full 0):
 garbage-first heap   total 260096K, used 7993K [0x0000000706e00000, 0x0000000800000000)
  region size 2048K, 1 young (2048K), 1 survivors (2048K)
 Metaspace       used 5691K, committed 5888K, reserved 1114112K
  class space    used 661K, committed 768K, reserved 1048576K
}
Event: 1,384 GC heap before
{Heap before GC invocations=2 (full 0):
 garbage-first heap   total 260096K, used 32569K [0x0000000706e00000, 0x0000000800000000)
  region size 2048K, 14 young (28672K), 1 survivors (2048K)
 Metaspace       used 11774K, committed 12032K, reserved 1114112K
  class space    used 1534K, committed 1664K, reserved 1048576K
}
Event: 1,388 GC heap after
{Heap after GC invocations=3 (full 0):
 garbage-first heap   total 260096K, used 10078K [0x0000000706e00000, 0x0000000800000000)
  region size 2048K, 2 young (4096K), 2 survivors (4096K)
 Metaspace       used 11774K, committed 12032K, reserved 1114112K
  class space    used 1534K, committed 1664K, reserved 1048576K
}

